<?xml version="1.0" encoding="UTF-8"?>
<!-- Generated by org.testng.reporters.JUnitReportReporter -->
<testsuite hostname="admin" name="Logics.HomePage" tests="1" failures="0" timestamp="4 Apr 2021 06:32:31 GMT" time="12.640" errors="0">
  <testcase name="testCase2" time="12.640" classname="Logics.HomePage"/>
</testsuite> <!-- Logics.HomePage -->
